<?xml version="1.0" encoding="UTF-8"?>
<!-- Generated by org.testng.reporters.JUnitXMLReporter -->
<testsuite hostname="dilip" name="Default test" tests="6" failures="0" timestamp="7 Jul 2018 12:06:32 GMT" time="154.356" errors="0">
  <testcase name="autoCompleteTab" time="3.016" classname="com.jala.testsuites.MoreTest"/>
  <testcase name="collapsibleContentTab" time="3.003" classname="com.jala.testsuites.MoreTest"/>
  <testcase name="validloginAdmin" time="38.455" classname="com.jala.testsuites.MoreTest"/>
  <testcase name="moreOptions" time="4.058" classname="com.jala.testsuites.MoreTest"/>
  <testcase name="multipleTabs" time="11.398" classname="com.jala.testsuites.MoreTest"/>
  <testcase name="menuTab" time="73.501" classname="com.jala.testsuites.MoreTest"/>
</testsuite> <!-- Default test -->
