<?xml version="1.0" encoding="UTF-8"?>
<!-- Generated by org.testng.reporters.JUnitXMLReporter -->
<testsuite hostname="dilip" name="Test" tests="8" failures="0" timestamp="30 May 2018 06:07:28 GMT" time="164.608" errors="0">
  <testcase name="autoCompleteTab" time="3.007" classname="com.jala.testsuites.MoreTest"/>
  <testcase name="collapsibleContentTab" time="3.002" classname="com.jala.testsuites.MoreTest"/>
  <testcase name="validloginAdmin" time="13.226" classname="com.jala.testsuites.MoreTest"/>
  <testcase name="moreOptions" time="3.854" classname="com.jala.testsuites.MoreTest"/>
  <testcase name="multipleTabs" time="13.299" classname="com.jala.testsuites.MoreTest"/>
  <testcase name="menuTab" time="75.315" classname="com.jala.testsuites.MoreTest"/>
  <testcase name="loginAdminwithINValid" time="2.008" classname="com.jala.testsuites.LoginTest"/>
  <testcase name="loginAdminwithValid" time="12.221" classname="com.jala.testsuites.LoginTest"/>
</testsuite> <!-- Test -->
